<?xml version="1.0" encoding="UTF-8"?>
<!-- Generated by org.testng.reporters.JUnitXMLReporter -->
<testsuite ignored="0" hostname="DESKTOP-JTVJ7PA" failures="1" tests="2" name="OpencartTest" time="23.875" errors="0" timestamp="2022-12-31T14:02:24 EST">
  <testcase classname="testCases.TC_001_AccountRegistrationTest" name="accountRegistration" time="1.617"/>
  <testcase classname="testCases.TC_002_LoginTest" name="test_login" time="10.954">
    <failure type="java.lang.AssertionError" message="Invlaid login data.. expected [true] but found [false]">
      <![CDATA[java.lang.AssertionError: Invlaid login data.. expected [true] but found [false]
at testCases.TC_002_LoginTest.test_login(TC_002_LoginTest.java:31)
at java.base/java.util.ArrayList.forEach(ArrayList.java:1541)
... Removed 36 stack frames]]>
    </failure>
  </testcase> <!-- test_login -->
</testsuite> <!-- OpencartTest -->
