<?xml version="1.0" encoding="UTF-8"?>
<testng-results ignored="0" total="2" passed="2" failed="0" skipped="0">
  <reporter-output>
  </reporter-output>
  <suite started-at="2022-12-31T13:19:04 EST" name="OpencartSuite" finished-at="2022-12-31T13:19:14 EST" duration-ms="9928">
    <groups>
      <group name="Master">
        <method signature="TC_001_AccountRegistrationTest.accountRegistration()[pri:0, instance:testCases.TC_001_AccountRegistrationTest@645aa696]" name="accountRegistration" class="testCases.TC_001_AccountRegistrationTest"/>
        <method signature="TC_002_LoginTest.test_login()[pri:0, instance:testCases.TC_002_LoginTest@48bb62]" name="test_login" class="testCases.TC_002_LoginTest"/>
      </group> <!-- Master -->
      <group name="Sanity">
        <method signature="TC_002_LoginTest.test_login()[pri:0, instance:testCases.TC_002_LoginTest@48bb62]" name="test_login" class="testCases.TC_002_LoginTest"/>
      </group> <!-- Sanity -->
      <group name="Regression">
        <method signature="TC_001_AccountRegistrationTest.accountRegistration()[pri:0, instance:testCases.TC_001_AccountRegistrationTest@645aa696]" name="accountRegistration" class="testCases.TC_001_AccountRegistrationTest"/>
      </group> <!-- Regression -->
    </groups>
    <test started-at="2022-12-31T13:19:04 EST" name="OpencartTest" finished-at="2022-12-31T13:19:14 EST" duration-ms="9928">
      <class name="testCases.TC_001_AccountRegistrationTest">
        <test-method is-config="true" signature="setup(java.lang.String)[pri:0, instance:testCases.TC_001_AccountRegistrationTest@645aa696]" started-at="2022-12-31T13:19:04 EST" name="setup" finished-at="2022-12-31T13:19:08 EST" duration-ms="4028" status="PASS">
          <params>
            <param index="0">
              <value>
                <![CDATA[chrome]]>
              </value>
            </param>
          </params>
          <reporter-output>
          </reporter-output>
        </test-method> <!-- setup -->
        <test-method signature="accountRegistration()[pri:0, instance:testCases.TC_001_AccountRegistrationTest@645aa696]" started-at="2022-12-31T13:19:08 EST" name="accountRegistration" finished-at="2022-12-31T13:19:10 EST" duration-ms="1579" status="PASS">
          <reporter-output>
          </reporter-output>
        </test-method> <!-- accountRegistration -->
        <test-method is-config="true" signature="tearDown()[pri:0, instance:testCases.TC_001_AccountRegistrationTest@645aa696]" started-at="2022-12-31T13:19:10 EST" name="tearDown" finished-at="2022-12-31T13:19:10 EST" duration-ms="184" status="PASS">
          <reporter-output>
          </reporter-output>
        </test-method> <!-- tearDown -->
      </class> <!-- testCases.TC_001_AccountRegistrationTest -->
      <class name="testCases.TC_002_LoginTest">
        <test-method is-config="true" signature="setup(java.lang.String)[pri:0, instance:testCases.TC_002_LoginTest@48bb62]" started-at="2022-12-31T13:19:10 EST" name="setup" finished-at="2022-12-31T13:19:13 EST" duration-ms="2785" status="PASS">
          <params>
            <param index="0">
              <value>
                <![CDATA[chrome]]>
              </value>
            </param>
          </params>
          <reporter-output>
          </reporter-output>
        </test-method> <!-- setup -->
        <test-method signature="test_login()[pri:0, instance:testCases.TC_002_LoginTest@48bb62]" started-at="2022-12-31T13:19:13 EST" name="test_login" finished-at="2022-12-31T13:19:13 EST" duration-ms="894" status="PASS">
          <reporter-output>
          </reporter-output>
        </test-method> <!-- test_login -->
        <test-method is-config="true" signature="tearDown()[pri:0, instance:testCases.TC_002_LoginTest@48bb62]" started-at="2022-12-31T13:19:13 EST" name="tearDown" finished-at="2022-12-31T13:19:14 EST" duration-ms="188" status="PASS">
          <reporter-output>
          </reporter-output>
        </test-method> <!-- tearDown -->
      </class> <!-- testCases.TC_002_LoginTest -->
    </test> <!-- OpencartTest -->
  </suite> <!-- OpencartSuite -->
</testng-results>
